Arguments: 
  C:\Program Files\nodejs\node.exe C:\Users\tallman28\AppData\Roaming\npm\node_modules\yarn\bin\yarn.js add @babel/cli, @babel/core and @babel/preset-env

PATH: 
  C:\Program Files (x86)\VMware\VMware Workstation\bin\;C:\Windows\system32;C:\Windows;C:\Windows\System32\Wbem;C:\Windows\System32\WindowsPowerShell\v1.0\;C:\Windows\System32\OpenSSH\;C:\Program Files\Git\cmd;C:\Program Files\nodejs\;C:\Program Files\PuTTY\;C:\Users\tallman28\.local\share\solana\install\active_release\bin;C:\Users\tallman28\.cargo\bin;C:\Users\tallman28\AppData\Local\Microsoft\WindowsApps;C:\Users\tallman28\AppData\Local\Programs\Microsoft VS Code\bin;C:\Users\tallman28\AppData\Roaming\npm;C:\Users\tallman28\AppData\Local\GitHubDesktop\bin;C:\Program Files\Android\Android Studio\jre\bin;

Yarn version: 
  1.22.11

Node version: 
  14.17.5

Platform: 
  win32 x64

Trace: 
  Error: https://registry.yarnpkg.com/@babel%2fcli,: Not found
      at Request.params.callback [as _callback] (C:\Users\tallman28\AppData\Roaming\npm\node_modules\yarn\lib\cli.js:66992:18)
      at Request.self.callback (C:\Users\tallman28\AppData\Roaming\npm\node_modules\yarn\lib\cli.js:140763:22)
      at Request.emit (events.js:400:28)
      at Request.<anonymous> (C:\Users\tallman28\AppData\Roaming\npm\node_modules\yarn\lib\cli.js:141735:10)
      at Request.emit (events.js:400:28)
      at IncomingMessage.<anonymous> (C:\Users\tallman28\AppData\Roaming\npm\node_modules\yarn\lib\cli.js:141657:12)
      at Object.onceWrapper (events.js:519:28)
      at IncomingMessage.emit (events.js:412:35)
      at endReadableNT (internal/streams/readable.js:1317:12)
      at processTicksAndRejections (internal/process/task_queues.js:82:21)

npm manifest: 
  {
    "name": "testterra",
    "version": "1.0.0",
    "description": "",
    "main": "index.txs",
    "scripts": {
      "start": "node index.ts",
      "test": "echo \"Error: no test specified\" && exit 1"
    },
    "author": "",
    "license": "ISC",
    "dependencies": {
      "@terra-money/terra.js": "1",
      "typescript": "^4.4.4"
    }
  }

yarn manifest: 
  No manifest

Lockfile: 
  No lockfile
